<?xml version="1.0" encoding="UTF-8"?>
<coverage generated="1638861873219" clover="3.2.0">
  <project timestamp="1638861873219" name="All files">
    <metrics statements="45" coveredstatements="42" conditionals="10" coveredconditionals="9" methods="2" coveredmethods="2" elements="57" coveredelements="53" complexity="0" loc="45" ncloc="45" packages="1" files="1" classes="1"/>
    <file name="Utils.ts" path="/Users/spikedpunchvictim/projects/stacks/tests/Utils.ts">
      <metrics statements="45" coveredstatements="42" conditionals="10" coveredconditionals="9" methods="2" coveredmethods="2"/>
      <line num="1" count="1" type="stmt"/>
      <line num="2" count="1" type="stmt"/>
      <line num="3" count="1" type="stmt"/>
      <line num="4" count="1" type="stmt"/>
      <line num="5" count="1" type="stmt"/>
      <line num="6" count="1" type="stmt"/>
      <line num="7" count="1" type="stmt"/>
      <line num="8" count="1" type="stmt"/>
      <line num="9" count="1" type="stmt"/>
      <line num="10" count="1" type="stmt"/>
      <line num="11" count="1" type="stmt"/>
      <line num="12" count="1" type="stmt"/>
      <line num="13" count="1" type="cond" truecount="1" falsecount="0"/>
      <line num="14" count="2" type="stmt"/>
      <line num="15" count="2" type="stmt"/>
      <line num="16" count="2" type="cond" truecount="1" falsecount="0"/>
      <line num="17" count="9" type="stmt"/>
      <line num="18" count="9" type="stmt"/>
      <line num="19" count="9" type="cond" truecount="0" falsecount="1"/>
      <line num="20" count="0" type="stmt"/>
      <line num="21" count="0" type="stmt"/>
      <line num="22" count="0" type="stmt"/>
      <line num="23" count="9" type="stmt"/>
      <line num="24" count="9" type="cond" truecount="1" falsecount="0"/>
      <line num="25" count="1" type="stmt"/>
      <line num="26" count="1" type="stmt"/>
      <line num="27" count="1" type="stmt"/>
      <line num="28" count="1" type="stmt"/>
      <line num="29" count="8" type="cond" truecount="1" falsecount="0"/>
      <line num="30" count="8" type="stmt"/>
      <line num="31" count="8" type="stmt"/>
      <line num="32" count="2" type="stmt"/>
      <line num="33" count="1" type="stmt"/>
      <line num="34" count="1" type="cond" truecount="1" falsecount="0"/>
      <line num="35" count="5" type="stmt"/>
      <line num="36" count="5" type="stmt"/>
      <line num="37" count="5" type="cond" truecount="1" falsecount="0"/>
      <line num="38" count="22" type="cond" truecount="2" falsecount="0"/>
      <line num="39" count="1" type="stmt"/>
      <line num="40" count="1" type="stmt"/>
      <line num="41" count="1" type="stmt"/>
      <line num="42" count="21" type="cond" truecount="1" falsecount="0"/>
      <line num="43" count="21" type="stmt"/>
      <line num="44" count="21" type="stmt"/>
      <line num="45" count="5" type="stmt"/>
    </file>
  </project>
</coverage>
