{"/Users/spikedpunchvictim/projects/stacks/tests/Utils.ts": {"path":"/Users/spikedpunchvictim/projects/stacks/tests/Utils.ts","all":false,"statementMap":{"0":{"start":{"line":1,"column":0},"end":{"line":1,"column":33}},"1":{"start":{"line":2,"column":0},"end":{"line":2,"column":38}},"2":{"start":{"line":3,"column":0},"end":{"line":3,"column":68}},"3":{"start":{"line":4,"column":0},"end":{"line":4,"column":0}},"4":{"start":{"line":5,"column":0},"end":{"line":5,"column":29}},"5":{"start":{"line":6,"column":0},"end":{"line":6,"column":21}},"6":{"start":{"line":7,"column":0},"end":{"line":7,"column":1}},"7":{"start":{"line":8,"column":0},"end":{"line":8,"column":0}},"8":{"start":{"line":9,"column":0},"end":{"line":9,"column":30}},"9":{"start":{"line":10,"column":0},"end":{"line":10,"column":21}},"10":{"start":{"line":11,"column":0},"end":{"line":11,"column":1}},"11":{"start":{"line":12,"column":0},"end":{"line":12,"column":0}},"12":{"start":{"line":13,"column":0},"end":{"line":13,"column":117}},"13":{"start":{"line":14,"column":0},"end":{"line":14,"column":32}},"14":{"start":{"line":15,"column":0},"end":{"line":15,"column":0}},"15":{"start":{"line":16,"column":0},"end":{"line":16,"column":37}},"16":{"start":{"line":17,"column":0},"end":{"line":17,"column":41}},"17":{"start":{"line":18,"column":0},"end":{"line":18,"column":0}},"18":{"start":{"line":19,"column":0},"end":{"line":19,"column":32}},"19":{"start":{"line":20,"column":0},"end":{"line":20,"column":39}},"20":{"start":{"line":21,"column":0},"end":{"line":21,"column":15}},"21":{"start":{"line":22,"column":0},"end":{"line":22,"column":7}},"22":{"start":{"line":23,"column":0},"end":{"line":23,"column":0}},"23":{"start":{"line":24,"column":0},"end":{"line":24,"column":50}},"24":{"start":{"line":25,"column":0},"end":{"line":25,"column":58}},"25":{"start":{"line":26,"column":0},"end":{"line":26,"column":48}},"26":{"start":{"line":27,"column":0},"end":{"line":27,"column":17}},"27":{"start":{"line":28,"column":0},"end":{"line":28,"column":7}},"28":{"start":{"line":29,"column":0},"end":{"line":29,"column":6}},"29":{"start":{"line":30,"column":0},"end":{"line":30,"column":67}},"30":{"start":{"line":31,"column":0},"end":{"line":31,"column":4}},"31":{"start":{"line":32,"column":0},"end":{"line":32,"column":1}},"32":{"start":{"line":33,"column":0},"end":{"line":33,"column":0}},"33":{"start":{"line":34,"column":0},"end":{"line":34,"column":84}},"34":{"start":{"line":35,"column":0},"end":{"line":35,"column":29}},"35":{"start":{"line":36,"column":0},"end":{"line":36,"column":0}},"36":{"start":{"line":37,"column":0},"end":{"line":37,"column":37}},"37":{"start":{"line":38,"column":0},"end":{"line":38,"column":68}},"38":{"start":{"line":39,"column":0},"end":{"line":39,"column":48}},"39":{"start":{"line":40,"column":0},"end":{"line":40,"column":17}},"40":{"start":{"line":41,"column":0},"end":{"line":41,"column":7}},"41":{"start":{"line":42,"column":0},"end":{"line":42,"column":0}},"42":{"start":{"line":43,"column":0},"end":{"line":43,"column":39}},"43":{"start":{"line":44,"column":0},"end":{"line":44,"column":4}},"44":{"start":{"line":45,"column":0},"end":{"line":45,"column":1}}},"s":{"0":1,"1":1,"2":1,"3":1,"4":1,"5":1,"6":1,"7":1,"8":1,"9":1,"10":1,"11":1,"12":1,"13":2,"14":2,"15":2,"16":9,"17":9,"18":9,"19":0,"20":0,"21":0,"22":9,"23":9,"24":1,"25":1,"26":1,"27":1,"28":8,"29":8,"30":8,"31":2,"32":1,"33":1,"34":5,"35":5,"36":5,"37":22,"38":1,"39":1,"40":1,"41":21,"42":21,"43":21,"44":5},"branchMap":{"0":{"type":"branch","line":13,"loc":{"start":{"line":13,"column":7},"end":{"line":32,"column":1}},"locations":[{"start":{"line":13,"column":7},"end":{"line":32,"column":1}}]},"1":{"type":"branch","line":16,"loc":{"start":{"line":16,"column":36},"end":{"line":31,"column":4}},"locations":[{"start":{"line":16,"column":36},"end":{"line":31,"column":4}}]},"2":{"type":"branch","line":19,"loc":{"start":{"line":19,"column":31},"end":{"line":22,"column":7}},"locations":[{"start":{"line":19,"column":31},"end":{"line":22,"column":7}}]},"3":{"type":"branch","line":24,"loc":{"start":{"line":24,"column":49},"end":{"line":28,"column":7}},"locations":[{"start":{"line":24,"column":49},"end":{"line":28,"column":7}}]},"4":{"type":"branch","line":29,"loc":{"start":{"line":29,"column":-1},"end":{"line":31,"column":4}},"locations":[{"start":{"line":29,"column":-1},"end":{"line":31,"column":4}}]},"5":{"type":"branch","line":34,"loc":{"start":{"line":34,"column":7},"end":{"line":45,"column":1}},"locations":[{"start":{"line":34,"column":7},"end":{"line":45,"column":1}}]},"6":{"type":"branch","line":37,"loc":{"start":{"line":37,"column":36},"end":{"line":44,"column":4}},"locations":[{"start":{"line":37,"column":36},"end":{"line":44,"column":4}}]},"7":{"type":"branch","line":38,"loc":{"start":{"line":38,"column":33},"end":{"line":38,"column":65}},"locations":[{"start":{"line":38,"column":33},"end":{"line":38,"column":65}}]},"8":{"type":"branch","line":38,"loc":{"start":{"line":38,"column":67},"end":{"line":41,"column":7}},"locations":[{"start":{"line":38,"column":67},"end":{"line":41,"column":7}}]},"9":{"type":"branch","line":42,"loc":{"start":{"line":42,"column":-1},"end":{"line":44,"column":4}},"locations":[{"start":{"line":42,"column":-1},"end":{"line":44,"column":4}}]}},"b":{"0":[2],"1":[9],"2":[0],"3":[1],"4":[8],"5":[5],"6":[22],"7":[18],"8":[1],"9":[21]},"fnMap":{"0":{"name":"validateModel","decl":{"start":{"line":13,"column":7},"end":{"line":32,"column":1}},"loc":{"start":{"line":13,"column":7},"end":{"line":32,"column":1}},"line":13},"1":{"name":"validateObject","decl":{"start":{"line":34,"column":7},"end":{"line":45,"column":1}},"loc":{"start":{"line":34,"column":7},"end":{"line":45,"column":1}},"line":34}},"f":{"0":2,"1":5}}
}
