TN:
SF:tests/Utils.ts
FN:26,createScenario
FN:39,validateModel
FN:60,validateObject
FNF:3
FNH:3
FNDA:6,createScenario
FNDA:2,validateModel
FNDA:5,validateObject
DA:1,1
DA:2,1
DA:3,1
DA:4,1
DA:5,1
DA:6,1
DA:7,1
DA:8,1
DA:9,1
DA:10,1
DA:11,1
DA:12,1
DA:13,1
DA:14,1
DA:15,1
DA:16,1
DA:17,1
DA:18,1
DA:19,1
DA:20,1
DA:21,1
DA:22,1
DA:23,1
DA:24,1
DA:25,1
DA:26,1
DA:27,6
DA:28,6
DA:29,6
DA:30,6
DA:31,6
DA:32,6
DA:33,18
DA:34,18
DA:35,6
DA:36,6
DA:37,6
DA:38,1
DA:39,1
DA:40,2
DA:41,2
DA:42,2
DA:43,9
DA:44,9
DA:45,9
DA:46,0
DA:47,0
DA:48,0
DA:49,9
DA:50,9
DA:51,1
DA:52,1
DA:53,1
DA:54,1
DA:55,8
DA:56,8
DA:57,8
DA:58,2
DA:59,1
DA:60,1
DA:61,5
DA:62,5
DA:63,5
DA:64,22
DA:65,1
DA:66,1
DA:67,1
DA:68,21
DA:69,21
DA:70,21
DA:71,5
LF:71
LH:68
BRDA:26,0,0,6
BRDA:32,1,0,18
BRDA:39,2,0,2
BRDA:42,3,0,9
BRDA:45,4,0,0
BRDA:50,5,0,1
BRDA:55,6,0,8
BRDA:60,7,0,5
BRDA:63,8,0,22
BRDA:64,9,0,18
BRDA:64,10,0,1
BRDA:68,11,0,21
BRF:12
BRH:11
end_of_record
