TN:
SF:tests/Utils.ts
FN:26,createScenario
FN:39,validateModel
FN:60,validateObject
FNF:3
FNH:3
FNDA:10,createScenario
FNDA:10,validateModel
FNDA:2,validateObject
DA:1,1
DA:2,1
DA:3,1
DA:4,1
DA:5,1
DA:6,1
DA:7,1
DA:8,1
DA:9,1
DA:10,1
DA:11,1
DA:12,1
DA:13,1
DA:14,1
DA:15,1
DA:16,1
DA:17,1
DA:18,1
DA:19,1
DA:20,1
DA:21,1
DA:22,1
DA:23,1
DA:24,1
DA:25,1
DA:26,1
DA:27,10
DA:28,10
DA:29,10
DA:30,10
DA:31,10
DA:32,10
DA:33,30
DA:34,30
DA:35,10
DA:36,10
DA:37,10
DA:38,1
DA:39,1
DA:40,10
DA:41,10
DA:42,10
DA:43,15
DA:44,15
DA:45,15
DA:46,0
DA:47,0
DA:48,0
DA:49,15
DA:50,15
DA:51,0
DA:52,0
DA:53,0
DA:54,0
DA:55,15
DA:56,15
DA:57,15
DA:58,10
DA:59,1
DA:60,1
DA:61,2
DA:62,2
DA:63,2
DA:64,7
DA:65,0
DA:66,0
DA:67,0
DA:68,7
DA:69,7
DA:70,7
DA:71,2
LF:71
LH:61
BRDA:26,0,0,10
BRDA:32,1,0,30
BRDA:39,2,0,10
BRDA:42,3,0,15
BRDA:45,4,0,0
BRDA:50,5,0,0
BRDA:60,6,0,2
BRDA:63,7,0,7
BRDA:64,8,0,6
BRDA:64,9,0,0
BRF:10
BRH:7
end_of_record
